<?xml version="1.0" encoding="utf-8"?><testsuites name="pytest tests"><testsuite name="pytest" errors="0" failures="0" skipped="0" tests="38" time="9.482" timestamp="2026-05-14T02:14:34.905987+00:00" hostname="agent-env-03ba6667-676b-42b9-ae51-27f862af356c"><testcase classname="backend.tests.test_betz_backend.TestAuth" name="test_register_login_me" time="0.797" /><testcase classname="backend.tests.test_betz_backend.TestAuth" name="test_login_bad_password" time="0.612" /><testcase classname="backend.tests.test_betz_backend.TestProfileRoutes" name="test_users_profile_returns_current_user" time="0.071" /><testcase classname="backend.tests.test_betz_backend.TestProfileRoutes" name="test_users_me_achievements_not_shadowed" time="0.075" /><testcase classname="backend.tests.test_betz_backend.TestProfileRoutes" name="test_user_id_achievements_still_works" time="0.077" /><testcase classname="backend.tests.test_betz_backend.TestMessages" name="test_send_message_json_body" time="0.385" /><testcase classname="backend.tests.test_betz_backend.TestMessages" name="test_send_message_empty_content_rejected" time="0.074" /><testcase classname="backend.tests.test_betz_backend.TestMessages" name="test_send_message_self_rejected" time="0.076" /><testcase classname="backend.tests.test_betz_backend.TestMessages" name="test_send_message_unknown_receiver_404" time="0.069" /><testcase classname="backend.tests.test_betz_backend.TestPublicChat" name="test_send_public_message" time="0.073" /><testcase classname="backend.tests.test_betz_backend.TestPublicChat" name="test_send_public_empty_rejected" time="0.070" /><testcase classname="backend.tests.test_betz_backend.TestPublicChat" name="test_get_public_messages" time="0.148" /><testcase classname="backend.tests.test_betz_backend.TestConversations" name="test_conversations_listed_with_last_message" time="0.270" /><testcase classname="backend.tests.test_betz_backend.TestAdmin" name="test_admin_login_returns_token" time="0.291" /><testcase classname="backend.tests.test_betz_backend.TestAdmin" name="test_admin_login_bad_creds" time="0.297" /><testcase classname="backend.tests.test_betz_backend.TestAdmin" name="test_admin_stats_with_admin_token" time="0.071" /><testcase classname="backend.tests.test_betz_backend.TestAdmin" name="test_admin_users_with_admin_token" time="0.089" /><testcase classname="backend.tests.test_betz_backend.TestAdmin" name="test_admin_bets_with_admin_token" time="0.079" /><testcase classname="backend.tests.test_betz_backend.TestAdmin" name="test_admin_endpoints_reject_user_token" time="0.241" /><testcase classname="backend.tests.test_betz_backend.TestAdmin" name="test_admin_endpoints_reject_no_token" time="0.223" /><testcase classname="backend.tests.test_betz_backend.TestBetsAndPunkOut" name="test_create_bet_self_blocked" time="0.075" /><testcase classname="backend.tests.test_betz_backend.TestBetsAndPunkOut" name="test_create_bet_punk_out_is_10pct_of_total_pot" time="0.821" /><testcase classname="backend.tests.test_betz_backend.TestBetsAndPunkOut" name="test_accept_punk_out_math" time="1.329" /><testcase classname="backend.tests.test_betz_backend.TestFriends" name="test_self_friend_request_blocked" time="0.073" /><testcase classname="backend.tests.test_betz_backend.TestFriends" name="test_friend_request_unknown_user_404" time="0.075" /><testcase classname="backend.tests.test_betz_backend.TestFriends" name="test_friend_request_success_then_duplicate_400" time="0.752" /><testcase classname="backend.tests.test_betz_backend.TestFriends" name="test_friend_accept_flow" time="0.814" /><testcase classname="backend.tests.test_betz_backend.TestAdminImpersonate" name="test_demo_users_no_token_401" time="0.073" /><testcase classname="backend.tests.test_betz_backend.TestAdminImpersonate" name="test_demo_users_user_token_rejected" time="0.070" /><testcase classname="backend.tests.test_betz_backend.TestAdminImpersonate" name="test_demo_users_admin_returns_list" time="0.076" /><testcase classname="backend.tests.test_betz_backend.TestAdminImpersonate" name="test_impersonate_no_token_401" time="0.070" /><testcase classname="backend.tests.test_betz_backend.TestAdminImpersonate" name="test_impersonate_user_token_rejected" time="0.075" /><testcase classname="backend.tests.test_betz_backend.TestAdminImpersonate" name="test_impersonate_non_whitelisted_403" time="0.074" /><testcase classname="backend.tests.test_betz_backend.TestAdminImpersonate" name="test_impersonate_whitelisted_but_unseeded_404" time="0.078" /><testcase classname="backend.tests.test_betz_backend.TestAdminImpersonate" name="test_impersonate_happy_path_returns_user_jwt" time="0.224" /><testcase classname="backend.tests.test_betz_backend.TestAdminUpdateUser" name="test_put_user_empty_body_returns_400" time="0.078" /><testcase classname="backend.tests.test_betz_backend.TestAdminUpdateUser" name="test_put_user_unknown_returns_404" time="0.072" /><testcase classname="backend.tests.test_betz_backend.TestAdminUpdateUser" name="test_put_user_valid_balance_update_persists" time="0.460" /></testsuite></testsuites>