<?xml version="1.0" encoding="utf-8"?><testsuites name="pytest tests"><testsuite name="pytest" errors="0" failures="0" skipped="0" tests="24" time="6.450" timestamp="2026-05-14T01:05:50.434098+00:00" hostname="agent-env-03ba6667-676b-42b9-ae51-27f862af356c"><testcase classname="backend.tests.test_betz_backend.TestAuth" name="test_register_login_me" time="0.758" /><testcase classname="backend.tests.test_betz_backend.TestAuth" name="test_login_bad_password" time="0.834" /><testcase classname="backend.tests.test_betz_backend.TestProfileRoutes" name="test_users_profile_returns_current_user" time="0.075" /><testcase classname="backend.tests.test_betz_backend.TestProfileRoutes" name="test_users_me_achievements_not_shadowed" time="0.069" /><testcase classname="backend.tests.test_betz_backend.TestProfileRoutes" name="test_user_id_achievements_still_works" time="0.070" /><testcase classname="backend.tests.test_betz_backend.TestMessages" name="test_send_message_json_body" time="0.352" /><testcase classname="backend.tests.test_betz_backend.TestMessages" name="test_send_message_empty_content_rejected" time="0.065" /><testcase classname="backend.tests.test_betz_backend.TestMessages" name="test_send_message_self_rejected" time="0.068" /><testcase classname="backend.tests.test_betz_backend.TestMessages" name="test_send_message_unknown_receiver_404" time="0.070" /><testcase classname="backend.tests.test_betz_backend.TestPublicChat" name="test_send_public_message" time="0.071" /><testcase classname="backend.tests.test_betz_backend.TestPublicChat" name="test_send_public_empty_rejected" time="0.069" /><testcase classname="backend.tests.test_betz_backend.TestPublicChat" name="test_get_public_messages" time="0.130" /><testcase classname="backend.tests.test_betz_backend.TestConversations" name="test_conversations_listed_with_last_message" time="0.263" /><testcase classname="backend.tests.test_betz_backend.TestAdmin" name="test_admin_login_returns_token" time="0.293" /><testcase classname="backend.tests.test_betz_backend.TestAdmin" name="test_admin_login_bad_creds" time="0.284" /><testcase classname="backend.tests.test_betz_backend.TestAdmin" name="test_admin_stats_with_admin_token" time="0.068" /><testcase classname="backend.tests.test_betz_backend.TestAdmin" name="test_admin_users_with_admin_token" time="0.065" /><testcase classname="backend.tests.test_betz_backend.TestAdmin" name="test_admin_bets_with_admin_token" time="0.071" /><testcase classname="backend.tests.test_betz_backend.TestAdmin" name="test_admin_endpoints_reject_user_token" time="0.198" /><testcase classname="backend.tests.test_betz_backend.TestAdmin" name="test_admin_endpoints_reject_no_token" time="0.201" /><testcase classname="backend.tests.test_betz_backend.TestBetsAndPunkOut" name="test_create_bet_self_blocked" time="0.066" /><testcase classname="backend.tests.test_betz_backend.TestBetsAndPunkOut" name="test_create_bet_punk_out_is_10pct_of_total_pot" time="0.793" /><testcase classname="backend.tests.test_betz_backend.TestBetsAndPunkOut" name="test_accept_punk_out_math" time="1.363" /><testcase classname="backend.tests.test_betz_backend.TestFriends" name="test_self_friend_request_blocked" time="0.067" /></testsuite></testsuites>